1493024121116	geckodriver	INFO	Listening on 127.0.0.1:52007
1493024128040	mozprofile::profile	INFO	Using profile path /var/folders/zt/dh7d33xx6tb6ycnsp0frlssr0000gn/T/rust_mozprofile.y0FSgxY9sXY3
1493024128067	geckodriver::marionette	INFO	Starting browser /Applications/Firefox.app/Contents/MacOS/firefox-bin with args []
1493024128442	geckodriver::marionette	INFO	Connecting to Marionette on localhost:52017
1493024188420	Marionette	INFO	Listening on port 52017
1493024188961	Marionette	WARN	TLS certificate errors will be ignored for this session
2017-04-24 15:56:30.610 plugin-container[49390:10316329] *** CFMessagePort: bootstrap_register(): failed 1100 (0x44c) 'Permission denied', port = 0x9c3b, name = 'com.apple.tsm.portname'
See /usr/include/servers/bootstrap_defs.h for the error codes.
2017-04-24 15:56:30.615 plugin-container[49390:10316329] *** CFMessagePort: bootstrap_register(): failed 1100 (0x44c) 'Permission denied', port = 0x9f03, name = 'com.apple.CFPasteboardClient'
See /usr/include/servers/bootstrap_defs.h for the error codes.
[GFX1-]: Receive IPC close with reason=AbnormalShutdown
1493024872488	geckodriver	INFO	Listening on 127.0.0.1:53954
1493024878014	mozprofile::profile	INFO	Using profile path /var/folders/zt/dh7d33xx6tb6ycnsp0frlssr0000gn/T/rust_mozprofile.MmceAJyDqBE5
1493024878018	geckodriver::marionette	INFO	Starting browser /Applications/Firefox.app/Contents/MacOS/firefox-bin with args []
1493024878055	geckodriver::marionette	INFO	Connecting to Marionette on localhost:53967
1493024884782	Marionette	INFO	Listening on port 53967
1493024884956	Marionette	WARN	TLS certificate errors will be ignored for this session
2017-04-24 16:08:05.596 plugin-container[54017:10338986] *** CFMessagePort: bootstrap_register(): failed 1100 (0x44c) 'Permission denied', port = 0x9c3b, name = 'com.apple.tsm.portname'
See /usr/include/servers/bootstrap_defs.h for the error codes.
2017-04-24 16:08:05.600 plugin-container[54017:10338986] *** CFMessagePort: bootstrap_register(): failed 1100 (0x44c) 'Permission denied', port = 0x9f03, name = 'com.apple.CFPasteboardClient'
See /usr/include/servers/bootstrap_defs.h for the error codes.
